<?xml version="1.0" encoding="UTF-8"?>
<testng-results ignored="0" total="1" passed="1" failed="0" skipped="0">
  <reporter-output>
  </reporter-output>
  <suite started-at="2024-02-14T12:32:46 IST" name="Default suite" finished-at="2024-02-14T12:33:05 IST" duration-ms="19914">
    <groups>
    </groups>
    <test started-at="2024-02-14T12:32:46 IST" name="Default test" finished-at="2024-02-14T12:33:05 IST" duration-ms="19914">
      <class name="SiteTesting.RishiHerbalSite">
        <test-method is-config="true" signature="setup()[pri:0, instance:SiteTesting.RishiHerbalSite@7fc4780b]" started-at="2024-02-14T12:32:46 IST" name="setup" finished-at="2024-02-14T12:32:47 IST" duration-ms="1902" status="PASS">
          <reporter-output>
          </reporter-output>
        </test-method> <!-- setup -->
        <test-method is-config="true" signature="url()[pri:0, instance:SiteTesting.RishiHerbalSite@7fc4780b]" started-at="2024-02-14T12:32:48 IST" name="url" finished-at="2024-02-14T12:32:51 IST" duration-ms="3652" status="PASS">
          <reporter-output>
          </reporter-output>
        </test-method> <!-- url -->
        <test-method signature="test1()[pri:0, instance:SiteTesting.RishiHerbalSite@7fc4780b]" started-at="2024-02-14T12:32:51 IST" name="test1" finished-at="2024-02-14T12:33:05 IST" duration-ms="14319" status="PASS">
          <reporter-output>
          </reporter-output>
        </test-method> <!-- test1 -->
      </class> <!-- SiteTesting.RishiHerbalSite -->
    </test> <!-- Default test -->
  </suite> <!-- Default suite -->
</testng-results>
